<?xml version="1.0" encoding="UTF-8"?>
<!-- Generated by org.testng.reporters.JUnitReportReporter -->
<testsuite hostname="Ashwini" failures="0" tests="6" name="testCases.TC003_LoginDDT" time="69.410" errors="0" timestamp="2026-02-12T18:35:38 IST" skipped="0">
  <testcase classname="testCases.TC003_LoginDDT" name="verify_loginDDT" time="13.131"/>
  <testcase classname="testCases.TC003_LoginDDT" name="verify_loginDDT" time="13.078"/>
  <testcase classname="testCases.TC003_LoginDDT" name="verify_loginDDT" time="13.012"/>
  <testcase classname="testCases.TC003_LoginDDT" name="verify_loginDDT" time="4.243"/>
  <testcase classname="testCases.TC003_LoginDDT" name="verify_loginDDT" time="12.777"/>
  <testcase classname="testCases.TC003_LoginDDT" name="verify_loginDDT" time="13.169"/>
</testsuite> <!-- testCases.TC003_LoginDDT -->
